[INFO] 2021-02-01 00:00:00  ib: 13504.0-13591.0
[INFO] 2021-02-01 00:00:00 first ext direction True
[INFO] 2021-02-01 00:00:00 bos level: 13595.0, 2021-02-01 02:10:00
[INFO] 2021-02-01 00:00:00 True 2021-02-01 03:15:00
[INFO] 2021-02-01 00:00:00 res: True, close: 2021-02-02 02:00:00
[INFO] ----- ------------------------------------------------------------------------
[INFO] 2021-02-02 00:00:00  ib: 13668.0-13706.0
[INFO] 2021-02-02 00:00:00 first ext direction True
[INFO] have not tested IB
[INFO] ----- ------------------------------------------------------------------------
[INFO] 2021-02-03 00:00:00  ib: 13885.0-13951.0
[INFO] 2021-02-03 00:00:00 first ext direction True
[INFO] 2021-02-03 00:00:00 bos level: 13983.0, 2021-02-03 02:00:00
[INFO] 2021-02-03 00:00:00 False 2021-02-03 03:05:00
[INFO] 2021-02-03 00:00:00 res: False, close: 2021-02-04 02:25:00
[INFO] ----- ------------------------------------------------------------------------
[INFO] 2021-02-04 00:00:00  ib: 13908.0-13948.0
[INFO] 2021-02-04 00:00:00 first ext direction True
[INFO] 2021-02-04 00:00:00 bos level: 14011.0, 2021-02-04 02:30:00
[INFO] 2021-02-04 00:00:00 True 2021-02-04 09:10:00
[INFO] 2021-02-04 00:00:00 res: True, close: 2021-02-07 18:20:00
[INFO] ----- ------------------------------------------------------------------------
[INFO] 2021-02-05 00:00:00  ib: 14056.0-14092.0
[INFO] 2021-02-05 00:00:00 first ext direction False
[INFO] 2021-02-05 00:00:00 bos level: 14026.0, 2021-02-05 02:05:00
[INFO] 2021-02-05 00:00:00 False 2021-02-05 03:40:00
[INFO] 2021-02-05 00:00:00 res: False, close: 2021-02-05 09:00:00
[INFO] ----- ------------------------------------------------------------------------
[INFO] ib not detected
[INFO] ----- ------------------------------------------------------------------------
[INFO] 2021-02-08 00:00:00  ib: 14120.0-14151.0
[INFO] 2021-02-08 00:00:00 first ext direction True
[INFO] 2021-02-08 00:00:00 bos level: 14161.0, 2021-02-08 02:05:00
[INFO] 2021-02-08 00:00:00 False 2021-02-08 02:15:00
[INFO] 2021-02-08 00:00:00 res: True, close: 2021-02-08 10:40:00
[INFO] ----- ------------------------------------------------------------------------
[INFO] 2021-02-09 00:00:00  ib: 14024.0-14058.0
[INFO] 2021-02-09 00:00:00 first ext direction False
[INFO] 2021-02-09 00:00:00 bos level: 14012.0, 2021-02-09 02:05:00
[INFO] 2021-02-09 00:00:00 True 2021-02-09 03:05:00
[INFO] 2021-02-09 00:00:00 res: False, close: 2021-02-09 19:15:00
[INFO] ----- ------------------------------------------------------------------------
[INFO] 2021-02-10 00:00:00  ib: 14040.0-14068.0
[INFO] 2021-02-10 00:00:00 first ext direction False
[INFO] have not tested IB
[INFO] ----- ------------------------------------------------------------------------
[INFO] 2021-02-11 00:00:00  ib: 13919.0-13947.0
[INFO] 2021-02-11 00:00:00 first ext direction True
[INFO] 2021-02-11 00:00:00 bos level: 13956.0, 2021-02-11 02:00:00
[INFO] 2021-02-11 00:00:00 False 2021-02-11 02:10:00
[INFO] 2021-02-11 00:00:00 res: False, close: 2021-02-11 02:40:00
[INFO] ----- ------------------------------------------------------------------------
[INFO] 2021-02-12 00:00:00  ib: 13971.0-13995.0
[INFO] 2021-02-12 00:00:00 first ext direction False
[INFO] 2021-02-12 00:00:00 bos level: 13935.0, 2021-02-12 02:00:00
[INFO] 2021-02-12 00:00:00 True 2021-02-12 02:40:00
[INFO] 2021-02-12 00:00:00 res: False, close: 2021-02-12 07:40:00
[INFO] ----- ------------------------------------------------------------------------
[INFO] ib not detected
[INFO] ----- ------------------------------------------------------------------------
[INFO] 2021-02-15 00:00:00  ib: 14119.0-14144.0
[INFO] 2021-02-15 00:00:00 first ext direction False
[INFO] 2021-02-15 00:00:00 bos level: 14066.0, 2021-02-15 04:15:00
[INFO] no entry
[INFO] ----- ------------------------------------------------------------------------
[INFO] 2021-02-16 00:00:00  ib: 14101.0-14138.0
[INFO] 2021-02-16 00:00:00 first ext direction False
[INFO] 2021-02-16 00:00:00 bos level: 14086.0, 2021-02-16 02:00:00
[INFO] 2021-02-16 00:00:00 True 2021-02-16 03:15:00
[INFO] 2021-02-16 00:00:00 res: True, close: 2021-02-16 18:15:00
[INFO] ----- ------------------------------------------------------------------------
[INFO] 2021-02-17 00:00:00  ib: 14017.0-14064.0
[INFO] 2021-02-17 00:00:00 first ext direction False
[INFO] 2021-02-17 00:00:00 bos level: 13939.0, 2021-02-17 02:20:00
[INFO] 2021-02-17 00:00:00 True 2021-02-17 08:35:00
[INFO] 2021-02-17 00:00:00 res: True, close: 2021-02-23 03:25:00
[INFO] ----- ------------------------------------------------------------------------
[INFO] 2021-02-18 00:00:00  ib: 13879.0-13913.0
[INFO] 2021-02-18 00:00:00 first ext direction True
[INFO] 2021-02-18 00:00:00 bos level: 13945.0, 2021-02-18 02:10:00
[INFO] 2021-02-18 00:00:00 False 2021-02-18 02:25:00
[INFO] 2021-02-18 00:00:00 res: False, close: 2021-02-18 02:45:00
[INFO] ----- ------------------------------------------------------------------------
[INFO] 2021-02-19 00:00:00  ib: 13911.0-13937.0
[INFO] 2021-02-19 00:00:00 first ext direction False
[INFO] 2021-02-19 00:00:00 bos level: 13902.0, 2021-02-19 02:00:00
[INFO] 2021-02-19 00:00:00 True 2021-02-19 02:40:00
[INFO] 2021-02-19 00:00:00 res: False, close: 2021-02-19 02:55:00
[INFO] ----- ------------------------------------------------------------------------
[INFO] ib not detected
[INFO] ----- ------------------------------------------------------------------------
[INFO] 2021-02-22 00:00:00  ib: 13885.0-13945.0
[INFO] 2021-02-22 00:00:00 first ext direction False
[INFO] 2021-02-22 00:00:00 bos level: 13822.0, 2021-02-22 02:05:00
[INFO] 2021-02-22 00:00:00 True 2021-02-22 02:20:00
[INFO] 2021-02-22 00:00:00 res: False, close: 2021-02-22 09:00:00
[INFO] ----- ------------------------------------------------------------------------
[INFO] 2021-02-23 00:00:00  ib: 13949.0-13987.0
[INFO] 2021-02-23 00:00:00 first ext direction True
[INFO] 2021-02-23 00:00:00 bos level: 13988.0, 2021-02-23 02:00:00
[INFO] 2021-02-23 00:00:00 False 2021-02-23 02:15:00
[INFO] 2021-02-23 00:00:00 res: True, close: 2021-02-23 02:40:00
[INFO] ----- ------------------------------------------------------------------------
[INFO] 2021-02-24 00:00:00  ib: 13797.0-13861.0
[INFO] 2021-02-24 00:00:00 first ext direction True
[INFO] have not tested IB
[INFO] ----- ------------------------------------------------------------------------
[INFO] 2021-02-25 00:00:00  ib: 14015.0-14061.0
[INFO] 2021-02-25 00:00:00 first ext direction False
[INFO] 2021-02-25 00:00:00 bos level: 13972.0, 2021-02-25 02:20:00
[INFO] 2021-02-25 00:00:00 True 2021-02-25 02:30:00
[INFO] 2021-02-25 00:00:00 res: True, close: 2021-02-25 10:35:00
[INFO] ----- ------------------------------------------------------------------------
[INFO] 2021-02-26 00:00:00  ib: 13637.0-13755.0
[INFO] 2021-02-26 00:00:00 first ext direction True
[INFO] 2021-02-26 00:00:00 bos level: 13875.0, 2021-02-26 03:15:00
[INFO] no entry
[INFO] ----- ------------------------------------------------------------------------
[INFO] ib not detected
[INFO] ----- ------------------------------------------------------------------------
[INFO] 2021-02-01 00:00:00  ib: 13504.0-13591.0
[INFO] 2021-02-01 00:00:00 first ext direction True
[INFO] 2021-02-01 00:00:00 bos level: 13595.0, 2021-02-01 02:10:00
[INFO] 2021-02-01 00:00:00 True 2021-02-01 03:15:00
[INFO] 2021-02-01 00:00:00 res: True, close: 2021-02-02 02:00:00
[INFO] ----- ------------------------------------------------------------------------
[INFO] 2021-02-02 00:00:00  ib: 13668.0-13706.0
[INFO] 2021-02-02 00:00:00 first ext direction True
[INFO] have not tested IB
[INFO] ----- ------------------------------------------------------------------------
[INFO] 2021-02-03 00:00:00  ib: 13885.0-13951.0
[INFO] 2021-02-03 00:00:00 first ext direction True
[INFO] 2021-02-03 00:00:00 bos level: 13983.0, 2021-02-03 02:00:00
[INFO] 2021-02-03 00:00:00 False 2021-02-03 03:05:00
[INFO] 2021-02-03 00:00:00 res: False, close: 2021-02-04 02:25:00
[INFO] ----- ------------------------------------------------------------------------
[INFO] 2021-02-04 00:00:00  ib: 13908.0-13948.0
[INFO] 2021-02-04 00:00:00 first ext direction True
[INFO] 2021-02-04 00:00:00 bos level: 14011.0, 2021-02-04 02:30:00
[INFO] 2021-02-04 00:00:00 True 2021-02-04 09:10:00
[INFO] 2021-02-04 00:00:00 res: True, close: 2021-02-07 18:20:00
[INFO] ----- ------------------------------------------------------------------------
[INFO] 2021-02-05 00:00:00  ib: 14056.0-14092.0
[INFO] 2021-02-05 00:00:00 first ext direction False
[INFO] 2021-02-05 00:00:00 bos level: 14026.0, 2021-02-05 02:05:00
[INFO] 2021-02-05 00:00:00 False 2021-02-05 03:40:00
